2026-07-15 17:14:36 | INFO     | network_monitor | Logging initialized (level=INFO, file=C:\Users\assil\Desktop\New folder (2)\network-monitor\logs\network_monitor.log)
2026-07-15 17:14:36 | INFO     | network_monitor | Starting Network Monitor Pro
2026-07-15 17:14:36 | CRITICAL | network_monitor | PySide6 is required to run the GUI: No module named 'PySide6'
2026-07-15 17:20:40 | INFO     | network_monitor | Logging initialized (level=INFO, file=C:\Users\assil\Desktop\New folder (2)\network-monitor\logs\network_monitor.log)
2026-07-15 17:20:40 | INFO     | network_monitor | Starting Network Monitor Pro
2026-07-15 17:20:42 | INFO     | network_monitor | Main window shown; entering event loop
2026-07-15 17:20:48 | INFO     | app.network.vendor_lookup | OUI data file not found at C:\Users\assil\Desktop\New folder (2)\network-monitor\app\resources\oui.csv; using built-in table
2026-07-15 17:20:48 | INFO     | app.network.vendor_lookup | VendorLookup ready: 41 OUI entries (built-in table only)
2026-07-15 17:20:48 | INFO     | app.network.scanner | Starting ARP scan of 192.168.1.0/24
2026-07-15 17:20:49 | ERROR    | app.ui.devices_page | Unexpected scan error
Traceback (most recent call last):
  File "C:\Users\assil\Desktop\New folder (2)\network-monitor\app\ui\devices_page.py", line 123, in run
    devices = self._scanner.scan(
              ^^^^^^^^^^^^^^^^^^^
  File "C:\Users\assil\Desktop\New folder (2)\network-monitor\app\network\scanner.py", line 204, in scan
    answered = self._arp_request(target)
               ^^^^^^^^^^^^^^^^^^^^^^^^^
  File "C:\Users\assil\Desktop\New folder (2)\network-monitor\app\network\scanner.py", line 246, in _arp_request
    answered, _unanswered = srp(
                            ^^^^
  File "C:\Users\assil\AppData\Local\Programs\Python\Python312\Lib\site-packages\scapy\sendrecv.py", line 765, in srp
    s = iface.l2socket()(promisc=promisc, iface=iface,
        ^^^^^^^^^^^^^^^^^^^^^^^^^^^^^^^^^^^^^^^^^^^^^^
  File "C:\Users\assil\AppData\Local\Programs\Python\Python312\Lib\site-packages\scapy\arch\windows\__init__.py", line 1027, in __init__
    raise RuntimeError(
RuntimeError: Sniffing and sending packets is not available at layer 2: winpcap is not installed. You may use conf.L3socket or conf.L3socket6 to access layer 3
